{"/Users/lcxfs1991/web/pure-render-immutable-decorator/example/src/index1.js": {"path":"/Users/lcxfs1991/web/pure-render-immutable-decorator/example/src/index1.js","statementMap":{"0":{"start":{"line":10,"column":2},"end":{"line":10,"column":24}},"1":{"start":{"line":12,"column":2},"end":{"line":32,"column":4}},"2":{"start":{"line":37,"column":2},"end":{"line":37,"column":14}},"3":{"start":{"line":48,"column":6},"end":{"line":48,"column":16}},"4":{"start":{"line":52,"column":6},"end":{"line":52,"column":16}},"5":{"start":{"line":54,"column":15},"end":{"line":54,"column":38}},"6":{"start":{"line":56,"column":2},"end":{"line":80,"column":4}},"7":{"start":{"line":63,"column":13},"end":{"line":65,"column":15}},"8":{"start":{"line":73,"column":13},"end":{"line":75,"column":15}},"9":{"start":{"line":88,"column":2},"end":{"line":88,"column":24}},"10":{"start":{"line":89,"column":2},"end":{"line":110,"column":4}},"11":{"start":{"line":118,"column":2},"end":{"line":118,"column":15}},"12":{"start":{"line":127,"column":6},"end":{"line":127,"column":16}},"13":{"start":{"line":129,"column":2},"end":{"line":137,"column":4}}},"fnMap":{"0":{"name":"(anonymous_0)","decl":{"start":{"line":9,"column":1},"end":{"line":9,"column":2}},"loc":{"start":{"line":9,"column":29},"end":{"line":34,"column":2}}},"1":{"name":"(anonymous_1)","decl":{"start":{"line":36,"column":1},"end":{"line":36,"column":2}},"loc":{"start":{"line":36,"column":25},"end":{"line":38,"column":2}}},"2":{"name":"(anonymous_2)","decl":{"start":{"line":40,"column":1},"end":{"line":40,"column":2}},"loc":{"start":{"line":40,"column":21},"end":{"line":42,"column":2}}},"3":{"name":"(anonymous_3)","decl":{"start":{"line":44,"column":1},"end":{"line":44,"column":2}},"loc":{"start":{"line":44,"column":10},"end":{"line":81,"column":2}}},"4":{"name":"(anonymous_4)","decl":{"start":{"line":62,"column":23},"end":{"line":62,"column":24}},"loc":{"start":{"line":62,"column":33},"end":{"line":66,"column":13}}},"5":{"name":"(anonymous_5)","decl":{"start":{"line":72,"column":34},"end":{"line":72,"column":35}},"loc":{"start":{"line":72,"column":44},"end":{"line":76,"column":13}}},"6":{"name":"(anonymous_6)","decl":{"start":{"line":87,"column":1},"end":{"line":87,"column":2}},"loc":{"start":{"line":87,"column":29},"end":{"line":111,"column":2}}},"7":{"name":"(anonymous_7)","decl":{"start":{"line":113,"column":1},"end":{"line":113,"column":2}},"loc":{"start":{"line":113,"column":21},"end":{"line":115,"column":2}}},"8":{"name":"(anonymous_8)","decl":{"start":{"line":117,"column":1},"end":{"line":117,"column":2}},"loc":{"start":{"line":117,"column":25},"end":{"line":119,"column":2}}},"9":{"name":"(anonymous_9)","decl":{"start":{"line":121,"column":1},"end":{"line":121,"column":2}},"loc":{"start":{"line":121,"column":10},"end":{"line":138,"column":2}}}},"branchMap":{"0":{"loc":{"start":{"line":54,"column":15},"end":{"line":54,"column":38}},"type":"binary-expr","locations":[{"start":{"line":54,"column":15},"end":{"line":54,"column":32}},{"start":{"line":54,"column":36},"end":{"line":54,"column":38}}]}},"s":{"0":1,"1":1,"2":0,"3":1,"4":1,"5":1,"6":1,"7":0,"8":4,"9":1,"10":1,"11":0,"12":1,"13":1},"f":{"0":1,"1":0,"2":0,"3":1,"4":0,"5":4,"6":1,"7":0,"8":0,"9":1},"b":{"0":[1,1]},"_coverageSchema":"332fd63041d2c1bcb487cc26dd0d5f7d97098a6c","hash":"2df909330a21f406a3a458c981c6c9b9b3ed5a36"}
,"/Users/lcxfs1991/web/pure-render-immutable-decorator/example/src/index2.js": {"path":"/Users/lcxfs1991/web/pure-render-immutable-decorator/example/src/index2.js","statementMap":{"0":{"start":{"line":13,"column":2},"end":{"line":13,"column":24}},"1":{"start":{"line":15,"column":2},"end":{"line":20,"column":4}},"2":{"start":{"line":25,"column":2},"end":{"line":25,"column":14}},"3":{"start":{"line":34,"column":2},"end":{"line":36,"column":4}},"4":{"start":{"line":44,"column":2},"end":{"line":44,"column":24}},"5":{"start":{"line":45,"column":2},"end":{"line":49,"column":4}},"6":{"start":{"line":62,"column":6},"end":{"line":62,"column":16}},"7":{"start":{"line":64,"column":2},"end":{"line":73,"column":4}}},"fnMap":{"0":{"name":"add","decl":{"start":{"line":6,"column":16},"end":{"line":6,"column":19}},"loc":{"start":{"line":6,"column":22},"end":{"line":8,"column":1}}},"1":{"name":"(anonymous_1)","decl":{"start":{"line":12,"column":1},"end":{"line":12,"column":2}},"loc":{"start":{"line":12,"column":29},"end":{"line":22,"column":2}}},"2":{"name":"(anonymous_2)","decl":{"start":{"line":24,"column":1},"end":{"line":24,"column":2}},"loc":{"start":{"line":24,"column":25},"end":{"line":26,"column":2}}},"3":{"name":"(anonymous_3)","decl":{"start":{"line":28,"column":1},"end":{"line":28,"column":2}},"loc":{"start":{"line":28,"column":21},"end":{"line":30,"column":2}}},"4":{"name":"(anonymous_4)","decl":{"start":{"line":32,"column":1},"end":{"line":32,"column":2}},"loc":{"start":{"line":32,"column":10},"end":{"line":37,"column":2}}},"5":{"name":"(anonymous_5)","decl":{"start":{"line":43,"column":1},"end":{"line":43,"column":2}},"loc":{"start":{"line":43,"column":29},"end":{"line":50,"column":2}}},"6":{"name":"(anonymous_6)","decl":{"start":{"line":52,"column":1},"end":{"line":52,"column":2}},"loc":{"start":{"line":52,"column":21},"end":{"line":54,"column":2}}},"7":{"name":"(anonymous_7)","decl":{"start":{"line":56,"column":1},"end":{"line":56,"column":2}},"loc":{"start":{"line":56,"column":10},"end":{"line":74,"column":2}}}},"branchMap":{},"s":{"0":1,"1":1,"2":0,"3":1,"4":1,"5":1,"6":1,"7":1},"f":{"0":0,"1":1,"2":0,"3":0,"4":1,"5":1,"6":0,"7":1},"b":{},"_coverageSchema":"332fd63041d2c1bcb487cc26dd0d5f7d97098a6c","hash":"d739b6832e2387fdc65e9cc1eec28e02cc890c41"}
,"/Users/lcxfs1991/web/pure-render-immutable-decorator/example/src/index3.js": {"path":"/Users/lcxfs1991/web/pure-render-immutable-decorator/example/src/index3.js","statementMap":{"0":{"start":{"line":6,"column":19},"end":{"line":6,"column":30}},"1":{"start":{"line":12,"column":2},"end":{"line":12,"column":24}},"2":{"start":{"line":13,"column":2},"end":{"line":15,"column":3}},"3":{"start":{"line":20,"column":2},"end":{"line":24,"column":3}},"4":{"start":{"line":30,"column":2},"end":{"line":30,"column":24}},"5":{"start":{"line":32,"column":2},"end":{"line":34,"column":4}},"6":{"start":{"line":44,"column":2},"end":{"line":46,"column":4}},"7":{"start":{"line":54,"column":2},"end":{"line":54,"column":24}},"8":{"start":{"line":55,"column":2},"end":{"line":57,"column":4}},"9":{"start":{"line":66,"column":2},"end":{"line":72,"column":4}}},"fnMap":{"0":{"name":"(anonymous_0)","decl":{"start":{"line":11,"column":1},"end":{"line":11,"column":2}},"loc":{"start":{"line":11,"column":29},"end":{"line":16,"column":2}}},"1":{"name":"(anonymous_1)","decl":{"start":{"line":18,"column":1},"end":{"line":18,"column":2}},"loc":{"start":{"line":18,"column":10},"end":{"line":25,"column":2}}},"2":{"name":"(anonymous_2)","decl":{"start":{"line":29,"column":1},"end":{"line":29,"column":2}},"loc":{"start":{"line":29,"column":29},"end":{"line":36,"column":2}}},"3":{"name":"(anonymous_3)","decl":{"start":{"line":38,"column":1},"end":{"line":38,"column":2}},"loc":{"start":{"line":38,"column":21},"end":{"line":40,"column":2}}},"4":{"name":"(anonymous_4)","decl":{"start":{"line":42,"column":1},"end":{"line":42,"column":2}},"loc":{"start":{"line":42,"column":10},"end":{"line":47,"column":2}}},"5":{"name":"(anonymous_5)","decl":{"start":{"line":53,"column":1},"end":{"line":53,"column":2}},"loc":{"start":{"line":53,"column":29},"end":{"line":58,"column":2}}},"6":{"name":"(anonymous_6)","decl":{"start":{"line":60,"column":1},"end":{"line":60,"column":2}},"loc":{"start":{"line":60,"column":21},"end":{"line":62,"column":2}}},"7":{"name":"(anonymous_7)","decl":{"start":{"line":64,"column":1},"end":{"line":64,"column":2}},"loc":{"start":{"line":64,"column":10},"end":{"line":73,"column":2}}}},"branchMap":{},"s":{"0":1,"1":1,"2":1,"3":1,"4":1,"5":1,"6":1,"7":1,"8":1,"9":1},"f":{"0":1,"1":1,"2":1,"3":0,"4":1,"5":1,"6":0,"7":1},"b":{},"_coverageSchema":"332fd63041d2c1bcb487cc26dd0d5f7d97098a6c","hash":"90713179af5873f1320af39f786c4a40d0184195"}
,"/Users/lcxfs1991/web/pure-render-immutable-decorator/src/index.js": {"path":"/Users/lcxfs1991/web/pure-render-immutable-decorator/src/index.js","statementMap":{"0":{"start":{"line":22,"column":4},"end":{"line":24,"column":5}},"1":{"start":{"line":23,"column":8},"end":{"line":23,"column":20}},"2":{"start":{"line":26,"column":4},"end":{"line":28,"column":5}},"3":{"start":{"line":27,"column":8},"end":{"line":27,"column":21}},"4":{"start":{"line":30,"column":16},"end":{"line":30,"column":39}},"5":{"start":{"line":31,"column":16},"end":{"line":31,"column":39}},"6":{"start":{"line":33,"column":4},"end":{"line":35,"column":5}},"7":{"start":{"line":34,"column":8},"end":{"line":34,"column":21}},"8":{"start":{"line":38,"column":26},"end":{"line":38,"column":68}},"9":{"start":{"line":39,"column":4},"end":{"line":43,"column":5}},"10":{"start":{"line":40,"column":8},"end":{"line":42,"column":9}},"11":{"start":{"line":41,"column":12},"end":{"line":41,"column":25}},"12":{"start":{"line":45,"column":4},"end":{"line":45,"column":16}},"13":{"start":{"line":53,"column":4},"end":{"line":53,"column":90}},"14":{"start":{"line":64,"column":4},"end":{"line":64,"column":51}},"15":{"start":{"line":73,"column":4},"end":{"line":73,"column":70}}},"fnMap":{"0":{"name":"deepEqual","decl":{"start":{"line":20,"column":9},"end":{"line":20,"column":18}},"loc":{"start":{"line":20,"column":31},"end":{"line":46,"column":1}}},"1":{"name":"deepCompare","decl":{"start":{"line":52,"column":16},"end":{"line":52,"column":27}},"loc":{"start":{"line":52,"column":60},"end":{"line":54,"column":1}}},"2":{"name":"shouldComponentUpdate","decl":{"start":{"line":63,"column":9},"end":{"line":63,"column":30}},"loc":{"start":{"line":63,"column":53},"end":{"line":65,"column":1}}},"3":{"name":"pureRenderDecorator","decl":{"start":{"line":72,"column":9},"end":{"line":72,"column":28}},"loc":{"start":{"line":72,"column":40},"end":{"line":74,"column":1}}}},"branchMap":{"0":{"loc":{"start":{"line":22,"column":4},"end":{"line":24,"column":5}},"type":"if","locations":[{"start":{"line":22,"column":4},"end":{"line":24,"column":5}},{"start":{"line":22,"column":4},"end":{"line":24,"column":5}}]},"1":{"loc":{"start":{"line":22,"column":8},"end":{"line":22,"column":39}},"type":"binary-expr","locations":[{"start":{"line":22,"column":8},"end":{"line":22,"column":21}},{"start":{"line":22,"column":25},"end":{"line":22,"column":39}}]},"2":{"loc":{"start":{"line":26,"column":4},"end":{"line":28,"column":5}},"type":"if","locations":[{"start":{"line":26,"column":4},"end":{"line":28,"column":5}},{"start":{"line":26,"column":4},"end":{"line":28,"column":5}}]},"3":{"loc":{"start":{"line":26,"column":8},"end":{"line":26,"column":94}},"type":"binary-expr","locations":[{"start":{"line":26,"column":8},"end":{"line":26,"column":32}},{"start":{"line":26,"column":36},"end":{"line":26,"column":49}},{"start":{"line":26,"column":53},"end":{"line":26,"column":77}},{"start":{"line":26,"column":81},"end":{"line":26,"column":94}}]},"4":{"loc":{"start":{"line":30,"column":28},"end":{"line":30,"column":38}},"type":"binary-expr","locations":[{"start":{"line":30,"column":28},"end":{"line":30,"column":32}},{"start":{"line":30,"column":36},"end":{"line":30,"column":38}}]},"5":{"loc":{"start":{"line":31,"column":28},"end":{"line":31,"column":38}},"type":"binary-expr","locations":[{"start":{"line":31,"column":28},"end":{"line":31,"column":32}},{"start":{"line":31,"column":36},"end":{"line":31,"column":38}}]},"6":{"loc":{"start":{"line":33,"column":4},"end":{"line":35,"column":5}},"type":"if","locations":[{"start":{"line":33,"column":4},"end":{"line":35,"column":5}},{"start":{"line":33,"column":4},"end":{"line":35,"column":5}}]},"7":{"loc":{"start":{"line":40,"column":8},"end":{"line":42,"column":9}},"type":"if","locations":[{"start":{"line":40,"column":8},"end":{"line":42,"column":9}},{"start":{"line":40,"column":8},"end":{"line":42,"column":9}}]},"8":{"loc":{"start":{"line":40,"column":12},"end":{"line":40,"column":77}},"type":"binary-expr","locations":[{"start":{"line":40,"column":12},"end":{"line":40,"column":38}},{"start":{"line":40,"column":42},"end":{"line":40,"column":77}}]},"9":{"loc":{"start":{"line":53,"column":11},"end":{"line":53,"column":89}},"type":"binary-expr","locations":[{"start":{"line":53,"column":11},"end":{"line":53,"column":48}},{"start":{"line":53,"column":52},"end":{"line":53,"column":89}}]}},"s":{"0":27,"1":0,"2":27,"3":0,"4":27,"5":27,"6":27,"7":0,"8":27,"9":27,"10":61,"11":14,"12":13,"13":17,"14":0,"15":3},"f":{"0":27,"1":17,"2":0,"3":3},"b":{"0":[0,27],"1":[27,27],"2":[0,27],"3":[27,27,27,27],"4":[27,0],"5":[27,0],"6":[0,27],"7":[14,47],"8":[61,61],"9":[17,10]},"_coverageSchema":"332fd63041d2c1bcb487cc26dd0d5f7d97098a6c","hash":"6637d501e9895a3714bb86a2b5753cff1c770be1"}
}
