TN:
SF:/Users/lcxfs1991/web/pure-render-immutable-decorator/example/src/index1.js
FN:9,(anonymous_0)
FN:36,(anonymous_1)
FN:40,(anonymous_2)
FN:44,(anonymous_3)
FN:62,(anonymous_4)
FN:72,(anonymous_5)
FN:87,(anonymous_6)
FN:113,(anonymous_7)
FN:117,(anonymous_8)
FN:121,(anonymous_9)
FNF:10
FNH:5
FNDA:1,(anonymous_0)
FNDA:0,(anonymous_1)
FNDA:0,(anonymous_2)
FNDA:1,(anonymous_3)
FNDA:0,(anonymous_4)
FNDA:4,(anonymous_5)
FNDA:1,(anonymous_6)
FNDA:0,(anonymous_7)
FNDA:0,(anonymous_8)
FNDA:1,(anonymous_9)
DA:10,1
DA:12,1
DA:37,0
DA:48,1
DA:52,1
DA:54,1
DA:56,1
DA:63,0
DA:73,4
DA:88,1
DA:89,1
DA:118,0
DA:127,1
DA:129,1
LF:14
LH:11
BRDA:54,0,0,1
BRDA:54,0,1,1
BRF:2
BRH:2
end_of_record
TN:
SF:/Users/lcxfs1991/web/pure-render-immutable-decorator/example/src/index2.js
FN:6,add
FN:12,(anonymous_1)
FN:24,(anonymous_2)
FN:28,(anonymous_3)
FN:32,(anonymous_4)
FN:43,(anonymous_5)
FN:52,(anonymous_6)
FN:56,(anonymous_7)
FNF:8
FNH:4
FNDA:0,add
FNDA:1,(anonymous_1)
FNDA:0,(anonymous_2)
FNDA:0,(anonymous_3)
FNDA:1,(anonymous_4)
FNDA:1,(anonymous_5)
FNDA:0,(anonymous_6)
FNDA:1,(anonymous_7)
DA:13,1
DA:15,1
DA:25,0
DA:34,1
DA:44,1
DA:45,1
DA:62,1
DA:64,1
LF:8
LH:7
BRF:0
BRH:0
end_of_record
TN:
SF:/Users/lcxfs1991/web/pure-render-immutable-decorator/example/src/index3.js
FN:11,(anonymous_0)
FN:18,(anonymous_1)
FN:29,(anonymous_2)
FN:38,(anonymous_3)
FN:42,(anonymous_4)
FN:53,(anonymous_5)
FN:60,(anonymous_6)
FN:64,(anonymous_7)
FNF:8
FNH:6
FNDA:1,(anonymous_0)
FNDA:1,(anonymous_1)
FNDA:1,(anonymous_2)
FNDA:0,(anonymous_3)
FNDA:1,(anonymous_4)
FNDA:1,(anonymous_5)
FNDA:0,(anonymous_6)
FNDA:1,(anonymous_7)
DA:6,1
DA:12,1
DA:13,1
DA:20,1
DA:30,1
DA:32,1
DA:44,1
DA:54,1
DA:55,1
DA:66,1
LF:10
LH:10
BRF:0
BRH:0
end_of_record
TN:
SF:/Users/lcxfs1991/web/pure-render-immutable-decorator/src/index.js
FN:20,deepEqual
FN:52,deepCompare
FN:63,shouldComponentUpdate
FN:72,pureRenderDecorator
FNF:4
FNH:3
FNDA:27,deepEqual
FNDA:17,deepCompare
FNDA:0,shouldComponentUpdate
FNDA:3,pureRenderDecorator
DA:22,27
DA:23,0
DA:26,27
DA:27,0
DA:30,27
DA:31,27
DA:33,27
DA:34,0
DA:38,27
DA:39,27
DA:40,61
DA:41,14
DA:45,13
DA:53,17
DA:64,0
DA:73,3
LF:16
LH:12
BRDA:22,0,0,0
BRDA:22,0,1,27
BRDA:22,1,0,27
BRDA:22,1,1,27
BRDA:26,2,0,0
BRDA:26,2,1,27
BRDA:26,3,0,27
BRDA:26,3,1,27
BRDA:26,3,2,27
BRDA:26,3,3,27
BRDA:30,4,0,27
BRDA:30,4,1,0
BRDA:31,5,0,27
BRDA:31,5,1,0
BRDA:33,6,0,0
BRDA:33,6,1,27
BRDA:40,7,0,14
BRDA:40,7,1,47
BRDA:40,8,0,61
BRDA:40,8,1,61
BRDA:53,9,0,17
BRDA:53,9,1,10
BRF:22
BRH:17
end_of_record
